Using pre-set license
Built from '2020.3/staging' branch; Version is '2020.3.13f1 (71691879b7f5) revision 7432472'; Using compiler version '192528614'; Build Type 'Release'
OS: 'Windows 10 Pro; OS build 19043.1083; Version 2009; 64bit' Language: 'de' Physical Memory: 8124 MB
BatchMode: 1, IsHumanControllingUs: 0, StartBugReporterOnCrash: 0, Is64bit: 1, IsPro: 0

 COMMAND LINE ARGUMENTS:
C:\Program Files\Unity\2020.3.13f1\Editor\Unity.exe
-adb2
-batchMode
-noUpm
-name
AssetImportWorker0
-projectPath
C:/Users/Johanna/Documents/GitHub/Programming-Theory-Repo/Programming Theory Project
-logFile
Logs/AssetImportWorker0.log
-srvPort
53346
Successfully changed project path to: C:/Users/Johanna/Documents/GitHub/Programming-Theory-Repo/Programming Theory Project
C:/Users/Johanna/Documents/GitHub/Programming-Theory-Repo/Programming Theory Project
Using Asset Import Pipeline V2.
Refreshing native plugins compatible for Editor in 46.58 ms, found 2 plugins.
Preloading 0 native plugins for Editor in 0.00 ms.
Initialize engine version: 2020.3.13f1 (71691879b7f5)
[Subsystems] Discovering subsystems at path C:/Program Files/Unity/2020.3.13f1/Editor/Data/Resources/UnitySubsystems
[Subsystems] Discovering subsystems at path C:/Users/Johanna/Documents/GitHub/Programming-Theory-Repo/Programming Theory Project/Assets
GfxDevice: creating device client; threaded=0
Direct3D:
    Version:  Direct3D 11.0 [level 11.1]
    Renderer: NVIDIA GeForce GTX 1080 Ti (ID=0x1b06)
    Vendor:   
    VRAM:     11127 MB
    Driver:   27.21.14.5671
Initialize mono
Mono path[0] = 'C:/Program Files/Unity/2020.3.13f1/Editor/Data/Managed'
Mono path[1] = 'C:/Program Files/Unity/2020.3.13f1/Editor/Data/MonoBleedingEdge/lib/mono/unityjit'
Mono config path = 'C:/Program Files/Unity/2020.3.13f1/Editor/Data/MonoBleedingEdge/etc'
Using monoOptions --debugger-agent=transport=dt_socket,embedding=1,server=y,suspend=n,address=127.0.0.1:56452
Begin MonoManager ReloadAssembly
Registering precompiled unity dll's ...
Register platform support module: C:/Program Files/Unity/2020.3.13f1/Editor/Data/PlaybackEngines/WebGLSupport/UnityEditor.WebGL.Extensions.dll
Register platform support module: C:/Program Files/Unity/2020.3.13f1/Editor/Data/PlaybackEngines/WindowsStandaloneSupport/UnityEditor.WindowsStandalone.Extensions.dll
Registered in 0.003108 seconds.
Native extension for WindowsStandalone target not found
Native extension for WebGL target not found
Refreshing native plugins compatible for Editor in 39.17 ms, found 2 plugins.
Preloading 0 native plugins for Editor in 0.00 ms.
Mono: successfully reloaded assembly
- Completed reload, in  1.477 seconds
Platform modules already initialized, skipping
Registering precompiled user dll's ...
Registered in 0.005269 seconds.
Begin MonoManager ReloadAssembly
Native extension for WindowsStandalone target not found
Native extension for WebGL target not found
Refreshing native plugins compatible for Editor in 36.88 ms, found 2 plugins.
Preloading 0 native plugins for Editor in 0.00 ms.
Mono: successfully reloaded assembly
- Completed reload, in  1.245 seconds
Platform modules already initialized, skipping
========================================================================
Worker process is ready to serve import requests
Launched and connected shader compiler UnityShaderCompiler.exe after 0.04 seconds
Refreshing native plugins compatible for Editor in 0.76 ms, found 2 plugins.
Preloading 0 native plugins for Editor in 0.00 ms.
Unloading 1735 Unused Serialized files (Serialized files now loaded: 0)
System memory in use before: 80.8 MB.
System memory in use after: 80.9 MB.

Unloading 21 unused Assets to reduce memory usage. Loaded Objects now: 2171.
Total: 2.510300 ms (FindLiveObjects: 0.251700 ms CreateObjectMapping: 0.049600 ms MarkObjects: 2.085900 ms  DeleteObjects: 0.121900 ms)

AssetImportParameters requested are different than current active one (requested -> active):
  custom:framework-win-MediaFoundation: 216162199b28c13a410421893ffa2e32 -> 
  custom:video-decoder-ogg-theora: a1e56fd34408186e4bbccfd4996cb3dc -> 
  custom:container-muxer-webm: aa71ff27fc2769a1b78a27578f13a17b -> 
  custom:container-demuxer-webm: 4f35f7cbe854078d1ac9338744f61a02 -> 
  custom:container-demuxer-ogg: 62fdf1f143b41e24485cea50d1cbac27 -> 
  custom:video-encoder-webm-vp8: eb34c28f22e8b96e1ab97ce403110664 -> 
  custom:video-decoder-webm-vp8: 9c59270c3fd7afecdb556c50c9e8de78 -> 
  custom:audio-decoder-ogg-vorbis: bf7c407c2cedff20999df2af8eb42d56 -> 
  custom:audio-encoder-webm-vorbis: bf7c407c2cedff20999df2af8eb42d56 -> 
========================================================================
Received Import Request.
  path: Assets/OwnCopyright/Scenes/TitleScreen.unity
  artifactKey: Guid(33fba088a286e5149b788c539fa7810f) Importer(815301076,1909f56bfc062723c751e8b465ee728b)
Start importing Assets/OwnCopyright/Scenes/TitleScreen.unity using Guid(33fba088a286e5149b788c539fa7810f) Importer(815301076,1909f56bfc062723c751e8b465ee728b)  -> (artifact id: '7df061e9824506be3347b556153c0699') in 0.021239 seconds 
  Import took 0.024095 seconds .

========================================================================
Received Import Request.
  Time since last request: 1.214920 seconds.
  path: Assets/OwnCopyright/Scenes/TitleScreen.unity
  artifactKey: Guid(33fba088a286e5149b788c539fa7810f) Importer(815301076,1909f56bfc062723c751e8b465ee728b)
Start importing Assets/OwnCopyright/Scenes/TitleScreen.unity using Guid(33fba088a286e5149b788c539fa7810f) Importer(815301076,1909f56bfc062723c751e8b465ee728b)  -> (artifact id: '7df061e9824506be3347b556153c0699') in 0.003847 seconds 
  Import took 0.007582 seconds .

========================================================================
Received Import Request.
  Time since last request: 156.794514 seconds.
  path: Assets/OwnCopyright/ScriptableObjects/SceneControl.asset
  artifactKey: Guid(7e1ed7b1110b2294aa33eb353314230f) Importer(815301076,1909f56bfc062723c751e8b465ee728b)
Start importing Assets/OwnCopyright/ScriptableObjects/SceneControl.asset using Guid(7e1ed7b1110b2294aa33eb353314230f) Importer(815301076,1909f56bfc062723c751e8b465ee728b)  -> (artifact id: 'a7bd9ef8461262703eadee21fb544b60') in 0.031796 seconds 
  Import took 0.034848 seconds .

========================================================================
Received Import Request.
  Time since last request: 224.658128 seconds.
  path: Assets/OwnCopyright/Scripts/AudioSettings.cs
  artifactKey: Guid(0d211bdf27a09084fbf96f886dd2bcd2) Importer(815301076,1909f56bfc062723c751e8b465ee728b)
Start importing Assets/OwnCopyright/Scripts/AudioSettings.cs using Guid(0d211bdf27a09084fbf96f886dd2bcd2) Importer(815301076,1909f56bfc062723c751e8b465ee728b)  -> (artifact id: '43f66664a34c54bd78b103abeb773053') in 0.014294 seconds 
  Import took 0.017280 seconds .

========================================================================
Received Import Request.
  Time since last request: 0.020310 seconds.
  path: Assets/OwnCopyright/Scripts/AudioSettings.cs
  artifactKey: Guid(0d211bdf27a09084fbf96f886dd2bcd2) Importer(815301076,1909f56bfc062723c751e8b465ee728b)
Start importing Assets/OwnCopyright/Scripts/AudioSettings.cs using Guid(0d211bdf27a09084fbf96f886dd2bcd2) Importer(815301076,1909f56bfc062723c751e8b465ee728b)  -> (artifact id: '43f66664a34c54bd78b103abeb773053') in 0.003889 seconds 
  Import took 0.008343 seconds .

========================================================================
Received Prepare
Registering precompiled user dll's ...
Registered in 0.004850 seconds.
Begin MonoManager ReloadAssembly
Native extension for WindowsStandalone target not found
Native extension for WebGL target not found
Refreshing native plugins compatible for Editor in 0.44 ms, found 2 plugins.
Preloading 0 native plugins for Editor in 0.00 ms.
Mono: successfully reloaded assembly
- Completed reload, in  1.111 seconds
Platform modules already initialized, skipping
Refreshing native plugins compatible for Editor in 0.47 ms, found 2 plugins.
Preloading 0 native plugins for Editor in 0.00 ms.
Unloading 1718 Unused Serialized files (Serialized files now loaded: 0)
System memory in use before: 79.7 MB.
System memory in use after: 79.8 MB.

Unloading 14 unused Assets to reduce memory usage. Loaded Objects now: 2174.
Total: 2.306600 ms (FindLiveObjects: 0.214000 ms CreateObjectMapping: 0.042500 ms MarkObjects: 1.968800 ms  DeleteObjects: 0.080400 ms)

AssetImportParameters requested are different than current active one (requested -> active):
  custom:framework-win-MediaFoundation: 216162199b28c13a410421893ffa2e32 -> 
  custom:video-decoder-ogg-theora: a1e56fd34408186e4bbccfd4996cb3dc -> 
  custom:container-muxer-webm: aa71ff27fc2769a1b78a27578f13a17b -> 
  custom:container-demuxer-webm: 4f35f7cbe854078d1ac9338744f61a02 -> 
  custom:container-demuxer-ogg: 62fdf1f143b41e24485cea50d1cbac27 -> 
  custom:video-encoder-webm-vp8: eb34c28f22e8b96e1ab97ce403110664 -> 
  custom:video-decoder-webm-vp8: 9c59270c3fd7afecdb556c50c9e8de78 -> 
  custom:audio-decoder-ogg-vorbis: bf7c407c2cedff20999df2af8eb42d56 -> 
  custom:audio-encoder-webm-vorbis: bf7c407c2cedff20999df2af8eb42d56 -> 
========================================================================
Received Import Request.
  Time since last request: 521.802673 seconds.
  path: Assets/OwnCopyright/Scripts/AudioSettings.cs
  artifactKey: Guid(0d211bdf27a09084fbf96f886dd2bcd2) Importer(815301076,1909f56bfc062723c751e8b465ee728b)
Start importing Assets/OwnCopyright/Scripts/AudioSettings.cs using Guid(0d211bdf27a09084fbf96f886dd2bcd2) Importer(815301076,1909f56bfc062723c751e8b465ee728b)  -> (artifact id: '0e50ebeb750f57b77c5ef3b7c66a925e') in 0.009554 seconds 
  Import took 0.013216 seconds .

========================================================================
Received Prepare
Registering precompiled user dll's ...
Registered in 0.004634 seconds.
Begin MonoManager ReloadAssembly
Native extension for WindowsStandalone target not found
Native extension for WebGL target not found
Refreshing native plugins compatible for Editor in 0.44 ms, found 2 plugins.
Preloading 0 native plugins for Editor in 0.00 ms.
Mono: successfully reloaded assembly
- Completed reload, in  1.082 seconds
Platform modules already initialized, skipping
Refreshing native plugins compatible for Editor in 0.43 ms, found 2 plugins.
Preloading 0 native plugins for Editor in 0.00 ms.
Unloading 1718 Unused Serialized files (Serialized files now loaded: 0)
System memory in use before: 79.7 MB.
System memory in use after: 79.8 MB.

Unloading 14 unused Assets to reduce memory usage. Loaded Objects now: 2176.
Total: 2.532400 ms (FindLiveObjects: 0.201900 ms CreateObjectMapping: 0.043600 ms MarkObjects: 2.191800 ms  DeleteObjects: 0.094100 ms)

AssetImportParameters requested are different than current active one (requested -> active):
  custom:framework-win-MediaFoundation: 216162199b28c13a410421893ffa2e32 -> 
  custom:video-decoder-ogg-theora: a1e56fd34408186e4bbccfd4996cb3dc -> 
  custom:container-muxer-webm: aa71ff27fc2769a1b78a27578f13a17b -> 
  custom:container-demuxer-webm: 4f35f7cbe854078d1ac9338744f61a02 -> 
  custom:container-demuxer-ogg: 62fdf1f143b41e24485cea50d1cbac27 -> 
  custom:video-encoder-webm-vp8: eb34c28f22e8b96e1ab97ce403110664 -> 
  custom:video-decoder-webm-vp8: 9c59270c3fd7afecdb556c50c9e8de78 -> 
  custom:audio-decoder-ogg-vorbis: bf7c407c2cedff20999df2af8eb42d56 -> 
  custom:audio-encoder-webm-vorbis: bf7c407c2cedff20999df2af8eb42d56 -> 
========================================================================
Received Import Request.
  Time since last request: 517.965114 seconds.
  path: Assets/OwnCopyright/Scripts/AudioSettings.cs
  artifactKey: Guid(0d211bdf27a09084fbf96f886dd2bcd2) Importer(815301076,1909f56bfc062723c751e8b465ee728b)
Start importing Assets/OwnCopyright/Scripts/AudioSettings.cs using Guid(0d211bdf27a09084fbf96f886dd2bcd2) Importer(815301076,1909f56bfc062723c751e8b465ee728b)  -> (artifact id: '3a0ac8640a2b4aa4db125ee42c2e29c7') in 0.008682 seconds 
  Import took 0.012582 seconds .

========================================================================
Received Import Request.
  Time since last request: 863.810757 seconds.
  path: Assets/OwnCopyright/Scripts/AudioSettings.cs
  artifactKey: Guid(0d211bdf27a09084fbf96f886dd2bcd2) Importer(815301076,1909f56bfc062723c751e8b465ee728b)
Start importing Assets/OwnCopyright/Scripts/AudioSettings.cs using Guid(0d211bdf27a09084fbf96f886dd2bcd2) Importer(815301076,1909f56bfc062723c751e8b465ee728b)  -> (artifact id: 'bc338027404faf58b11b8f68f32cb6bc') in 0.004884 seconds 
  Import took 0.009240 seconds .

========================================================================
Received Import Request.
  Time since last request: 63.128687 seconds.
  path: Assets/OwnCopyright/Scripts/AudioSettings.cs
  artifactKey: Guid(0d211bdf27a09084fbf96f886dd2bcd2) Importer(815301076,1909f56bfc062723c751e8b465ee728b)
Start importing Assets/OwnCopyright/Scripts/AudioSettings.cs using Guid(0d211bdf27a09084fbf96f886dd2bcd2) Importer(815301076,1909f56bfc062723c751e8b465ee728b)  -> (artifact id: 'da23b356df2414cb0f94e4c932bf052c') in 0.004025 seconds 
  Import took 0.008001 seconds .

========================================================================
Received Import Request.
  Time since last request: 42.540024 seconds.
  path: Assets/OwnCopyright/Scripts/AudioSettings.cs
  artifactKey: Guid(0d211bdf27a09084fbf96f886dd2bcd2) Importer(815301076,1909f56bfc062723c751e8b465ee728b)
Start importing Assets/OwnCopyright/Scripts/AudioSettings.cs using Guid(0d211bdf27a09084fbf96f886dd2bcd2) Importer(815301076,1909f56bfc062723c751e8b465ee728b)  -> (artifact id: 'f5ec4138d0dd980f63e7b687db2617c1') in 0.004326 seconds 
  Import took 0.007855 seconds .

========================================================================
Received Prepare
Registering precompiled user dll's ...
Registered in 0.016916 seconds.
Begin MonoManager ReloadAssembly
Native extension for WindowsStandalone target not found
Native extension for WebGL target not found
Refreshing native plugins compatible for Editor in 0.43 ms, found 2 plugins.
Preloading 0 native plugins for Editor in 0.00 ms.
Mono: successfully reloaded assembly
- Completed reload, in  1.052 seconds
Platform modules already initialized, skipping
Refreshing native plugins compatible for Editor in 0.44 ms, found 2 plugins.
Preloading 0 native plugins for Editor in 0.00 ms.
Unloading 1718 Unused Serialized files (Serialized files now loaded: 0)
System memory in use before: 79.7 MB.
System memory in use after: 79.8 MB.

Unloading 14 unused Assets to reduce memory usage. Loaded Objects now: 2178.
Total: 2.378800 ms (FindLiveObjects: 0.203400 ms CreateObjectMapping: 0.049600 ms MarkObjects: 2.037100 ms  DeleteObjects: 0.087600 ms)

AssetImportParameters requested are different than current active one (requested -> active):
  custom:framework-win-MediaFoundation: 216162199b28c13a410421893ffa2e32 -> 
  custom:video-decoder-ogg-theora: a1e56fd34408186e4bbccfd4996cb3dc -> 
  custom:container-muxer-webm: aa71ff27fc2769a1b78a27578f13a17b -> 
  custom:container-demuxer-webm: 4f35f7cbe854078d1ac9338744f61a02 -> 
  custom:container-demuxer-ogg: 62fdf1f143b41e24485cea50d1cbac27 -> 
  custom:video-encoder-webm-vp8: eb34c28f22e8b96e1ab97ce403110664 -> 
  custom:video-decoder-webm-vp8: 9c59270c3fd7afecdb556c50c9e8de78 -> 
  custom:audio-decoder-ogg-vorbis: bf7c407c2cedff20999df2af8eb42d56 -> 
  custom:audio-encoder-webm-vorbis: bf7c407c2cedff20999df2af8eb42d56 -> 
========================================================================
Received Import Request.
  Time since last request: 50.784478 seconds.
  path: Assets/OwnCopyright/Scripts/AudioSettings.cs
  artifactKey: Guid(0d211bdf27a09084fbf96f886dd2bcd2) Importer(815301076,1909f56bfc062723c751e8b465ee728b)
Start importing Assets/OwnCopyright/Scripts/AudioSettings.cs using Guid(0d211bdf27a09084fbf96f886dd2bcd2) Importer(815301076,1909f56bfc062723c751e8b465ee728b)  -> (artifact id: '4d0b5bcc2858b407268bb660ec93f9d7') in 0.008792 seconds 
  Import took 0.013402 seconds .

========================================================================
Received Prepare
Registering precompiled user dll's ...
Registered in 0.004554 seconds.
Begin MonoManager ReloadAssembly
Native extension for WindowsStandalone target not found
Native extension for WebGL target not found
Refreshing native plugins compatible for Editor in 0.42 ms, found 2 plugins.
Preloading 0 native plugins for Editor in 0.00 ms.
Mono: successfully reloaded assembly
- Completed reload, in  1.080 seconds
Platform modules already initialized, skipping
Refreshing native plugins compatible for Editor in 0.43 ms, found 2 plugins.
Preloading 0 native plugins for Editor in 0.00 ms.
Unloading 1718 Unused Serialized files (Serialized files now loaded: 0)
System memory in use before: 79.7 MB.
System memory in use after: 79.8 MB.

Unloading 14 unused Assets to reduce memory usage. Loaded Objects now: 2180.
Total: 2.309300 ms (FindLiveObjects: 0.190800 ms CreateObjectMapping: 0.046000 ms MarkObjects: 1.991000 ms  DeleteObjects: 0.080500 ms)

AssetImportParameters requested are different than current active one (requested -> active):
  custom:framework-win-MediaFoundation: 216162199b28c13a410421893ffa2e32 -> 
  custom:video-decoder-ogg-theora: a1e56fd34408186e4bbccfd4996cb3dc -> 
  custom:container-muxer-webm: aa71ff27fc2769a1b78a27578f13a17b -> 
  custom:container-demuxer-webm: 4f35f7cbe854078d1ac9338744f61a02 -> 
  custom:container-demuxer-ogg: 62fdf1f143b41e24485cea50d1cbac27 -> 
  custom:video-encoder-webm-vp8: eb34c28f22e8b96e1ab97ce403110664 -> 
  custom:video-decoder-webm-vp8: 9c59270c3fd7afecdb556c50c9e8de78 -> 
  custom:audio-decoder-ogg-vorbis: bf7c407c2cedff20999df2af8eb42d56 -> 
  custom:audio-encoder-webm-vorbis: bf7c407c2cedff20999df2af8eb42d56 -> 
========================================================================
Received Import Request.
  Time since last request: 425.902469 seconds.
  path: Assets/OwnCopyright/Scripts/AudioSettings.cs
  artifactKey: Guid(0d211bdf27a09084fbf96f886dd2bcd2) Importer(815301076,1909f56bfc062723c751e8b465ee728b)
Start importing Assets/OwnCopyright/Scripts/AudioSettings.cs using Guid(0d211bdf27a09084fbf96f886dd2bcd2) Importer(815301076,1909f56bfc062723c751e8b465ee728b)  -> (artifact id: 'c56011550bc9832111bfdd255504aa05') in 0.009458 seconds 
  Import took 0.013852 seconds .

========================================================================
Received Import Request.
  Time since last request: 2147.463362 seconds.
  path: Assets/OwnCopyright/Scripts/AudioSettings.cs
  artifactKey: Guid(0d211bdf27a09084fbf96f886dd2bcd2) Importer(815301076,1909f56bfc062723c751e8b465ee728b)
Start importing Assets/OwnCopyright/Scripts/AudioSettings.cs using Guid(0d211bdf27a09084fbf96f886dd2bcd2) Importer(815301076,1909f56bfc062723c751e8b465ee728b)  -> (artifact id: '351bb348d59fac88e446285216fd05fb') in 0.003951 seconds 
  Import took 0.007838 seconds .

========================================================================
Received Prepare
Registering precompiled user dll's ...
Registered in 0.004801 seconds.
Begin MonoManager ReloadAssembly
Native extension for WindowsStandalone target not found
Native extension for WebGL target not found
Refreshing native plugins compatible for Editor in 0.44 ms, found 2 plugins.
Preloading 0 native plugins for Editor in 0.00 ms.
Mono: successfully reloaded assembly
- Completed reload, in  1.074 seconds
Platform modules already initialized, skipping
Refreshing native plugins compatible for Editor in 0.46 ms, found 2 plugins.
Preloading 0 native plugins for Editor in 0.00 ms.
Unloading 1718 Unused Serialized files (Serialized files now loaded: 0)
System memory in use before: 79.7 MB.
System memory in use after: 79.8 MB.

Unloading 14 unused Assets to reduce memory usage. Loaded Objects now: 2182.
Total: 2.318200 ms (FindLiveObjects: 0.198000 ms CreateObjectMapping: 0.045700 ms MarkObjects: 1.985600 ms  DeleteObjects: 0.087500 ms)

AssetImportParameters requested are different than current active one (requested -> active):
  custom:framework-win-MediaFoundation: 216162199b28c13a410421893ffa2e32 -> 
  custom:video-decoder-ogg-theora: a1e56fd34408186e4bbccfd4996cb3dc -> 
  custom:container-muxer-webm: aa71ff27fc2769a1b78a27578f13a17b -> 
  custom:container-demuxer-webm: 4f35f7cbe854078d1ac9338744f61a02 -> 
  custom:container-demuxer-ogg: 62fdf1f143b41e24485cea50d1cbac27 -> 
  custom:video-encoder-webm-vp8: eb34c28f22e8b96e1ab97ce403110664 -> 
  custom:video-decoder-webm-vp8: 9c59270c3fd7afecdb556c50c9e8de78 -> 
  custom:audio-decoder-ogg-vorbis: bf7c407c2cedff20999df2af8eb42d56 -> 
  custom:audio-encoder-webm-vorbis: bf7c407c2cedff20999df2af8eb42d56 -> 
========================================================================
Received Import Request.
  Time since last request: 81.441540 seconds.
  path: Assets/OwnCopyright/Scripts/AudioSettings.cs
  artifactKey: Guid(0d211bdf27a09084fbf96f886dd2bcd2) Importer(815301076,1909f56bfc062723c751e8b465ee728b)
Start importing Assets/OwnCopyright/Scripts/AudioSettings.cs using Guid(0d211bdf27a09084fbf96f886dd2bcd2) Importer(815301076,1909f56bfc062723c751e8b465ee728b)  -> (artifact id: 'e21b6449ef71dce03b592576ead0304a') in 0.008615 seconds 
  Import took 0.012393 seconds .

========================================================================
Received Prepare
Registering precompiled user dll's ...
Registered in 0.005013 seconds.
Begin MonoManager ReloadAssembly
Native extension for WindowsStandalone target not found
Native extension for WebGL target not found
Refreshing native plugins compatible for Editor in 0.44 ms, found 2 plugins.
Preloading 0 native plugins for Editor in 0.00 ms.
Mono: successfully reloaded assembly
- Completed reload, in  1.097 seconds
Platform modules already initialized, skipping
Refreshing native plugins compatible for Editor in 0.44 ms, found 2 plugins.
Preloading 0 native plugins for Editor in 0.00 ms.
Unloading 1718 Unused Serialized files (Serialized files now loaded: 0)
System memory in use before: 79.8 MB.
System memory in use after: 79.8 MB.

Unloading 14 unused Assets to reduce memory usage. Loaded Objects now: 2184.
Total: 2.326000 ms (FindLiveObjects: 0.192600 ms CreateObjectMapping: 0.045800 ms MarkObjects: 2.007200 ms  DeleteObjects: 0.079300 ms)

AssetImportParameters requested are different than current active one (requested -> active):
  custom:framework-win-MediaFoundation: 216162199b28c13a410421893ffa2e32 -> 
  custom:video-decoder-ogg-theora: a1e56fd34408186e4bbccfd4996cb3dc -> 
  custom:container-muxer-webm: aa71ff27fc2769a1b78a27578f13a17b -> 
  custom:container-demuxer-webm: 4f35f7cbe854078d1ac9338744f61a02 -> 
  custom:container-demuxer-ogg: 62fdf1f143b41e24485cea50d1cbac27 -> 
  custom:video-encoder-webm-vp8: eb34c28f22e8b96e1ab97ce403110664 -> 
  custom:video-decoder-webm-vp8: 9c59270c3fd7afecdb556c50c9e8de78 -> 
  custom:audio-decoder-ogg-vorbis: bf7c407c2cedff20999df2af8eb42d56 -> 
  custom:audio-encoder-webm-vorbis: bf7c407c2cedff20999df2af8eb42d56 -> 
========================================================================
Received Import Request.
  Time since last request: 41.679235 seconds.
  path: Assets/OwnCopyright/Scripts/AudioSettings.cs
  artifactKey: Guid(0d211bdf27a09084fbf96f886dd2bcd2) Importer(815301076,1909f56bfc062723c751e8b465ee728b)
Start importing Assets/OwnCopyright/Scripts/AudioSettings.cs using Guid(0d211bdf27a09084fbf96f886dd2bcd2) Importer(815301076,1909f56bfc062723c751e8b465ee728b)  -> (artifact id: '2f092a1b528cd94cd5ac2fb307faa00e') in 0.008271 seconds 
  Import took 0.011784 seconds .

========================================================================
Received Prepare
Registering precompiled user dll's ...
Registered in 0.006382 seconds.
Begin MonoManager ReloadAssembly
Native extension for WindowsStandalone target not found
Native extension for WebGL target not found
Refreshing native plugins compatible for Editor in 0.42 ms, found 2 plugins.
Preloading 0 native plugins for Editor in 0.00 ms.
Mono: successfully reloaded assembly
- Completed reload, in  1.081 seconds
Platform modules already initialized, skipping
Refreshing native plugins compatible for Editor in 0.43 ms, found 2 plugins.
Preloading 0 native plugins for Editor in 0.00 ms.
Unloading 1718 Unused Serialized files (Serialized files now loaded: 0)
System memory in use before: 79.8 MB.
System memory in use after: 79.8 MB.

Unloading 14 unused Assets to reduce memory usage. Loaded Objects now: 2186.
Total: 2.345700 ms (FindLiveObjects: 0.213400 ms CreateObjectMapping: 0.053000 ms MarkObjects: 1.993400 ms  DeleteObjects: 0.084700 ms)

AssetImportParameters requested are different than current active one (requested -> active):
  custom:framework-win-MediaFoundation: 216162199b28c13a410421893ffa2e32 -> 
  custom:video-decoder-ogg-theora: a1e56fd34408186e4bbccfd4996cb3dc -> 
  custom:container-muxer-webm: aa71ff27fc2769a1b78a27578f13a17b -> 
  custom:container-demuxer-webm: 4f35f7cbe854078d1ac9338744f61a02 -> 
  custom:container-demuxer-ogg: 62fdf1f143b41e24485cea50d1cbac27 -> 
  custom:video-encoder-webm-vp8: eb34c28f22e8b96e1ab97ce403110664 -> 
  custom:video-decoder-webm-vp8: 9c59270c3fd7afecdb556c50c9e8de78 -> 
  custom:audio-decoder-ogg-vorbis: bf7c407c2cedff20999df2af8eb42d56 -> 
  custom:audio-encoder-webm-vorbis: bf7c407c2cedff20999df2af8eb42d56 -> 
========================================================================
Received Prepare
Registering precompiled user dll's ...
Registered in 0.004782 seconds.
Begin MonoManager ReloadAssembly
Native extension for WindowsStandalone target not found
Native extension for WebGL target not found
Refreshing native plugins compatible for Editor in 0.44 ms, found 2 plugins.
Preloading 0 native plugins for Editor in 0.00 ms.
Mono: successfully reloaded assembly
- Completed reload, in  1.112 seconds
Platform modules already initialized, skipping
Refreshing native plugins compatible for Editor in 0.44 ms, found 2 plugins.
Preloading 0 native plugins for Editor in 0.00 ms.
Unloading 1718 Unused Serialized files (Serialized files now loaded: 0)
System memory in use before: 79.8 MB.
System memory in use after: 79.9 MB.

Unloading 14 unused Assets to reduce memory usage. Loaded Objects now: 2188.
Total: 2.995400 ms (FindLiveObjects: 0.196200 ms CreateObjectMapping: 0.051900 ms MarkObjects: 2.657300 ms  DeleteObjects: 0.088700 ms)

AssetImportParameters requested are different than current active one (requested -> active):
  custom:framework-win-MediaFoundation: 216162199b28c13a410421893ffa2e32 -> 
  custom:video-decoder-ogg-theora: a1e56fd34408186e4bbccfd4996cb3dc -> 
  custom:container-muxer-webm: aa71ff27fc2769a1b78a27578f13a17b -> 
  custom:container-demuxer-webm: 4f35f7cbe854078d1ac9338744f61a02 -> 
  custom:container-demuxer-ogg: 62fdf1f143b41e24485cea50d1cbac27 -> 
  custom:video-encoder-webm-vp8: eb34c28f22e8b96e1ab97ce403110664 -> 
  custom:video-decoder-webm-vp8: 9c59270c3fd7afecdb556c50c9e8de78 -> 
  custom:audio-decoder-ogg-vorbis: bf7c407c2cedff20999df2af8eb42d56 -> 
  custom:audio-encoder-webm-vorbis: bf7c407c2cedff20999df2af8eb42d56 -> 
AssetImportWorkerClient::OnTransportError - code=2 error=End of file
